<?xml version='1.0' encoding='UTF-8' ?>
<testsuite name="io.github.importre.android.instrumenttestdemo.test" tests="24" failures="0" errors="0" time="28.236" timestamp="2014-03-03T09:35:38" hostname="localhost">
  <properties />
  <testcase name="testNavigationModeShouldBeStandard" classname="io.github.importre.android.instrumenttestdemo.MainActivityTest" time="0.307" />
  <testcase name="testShouldHaveContainers" classname="io.github.importre.android.instrumenttestdemo.MainActivityTest" time="0.437" />
  <testcase name="testShouldHaveTitleInActionBar" classname="io.github.importre.android.instrumenttestdemo.MainActivityTest" time="0.358" />
  <testcase name="testGetViewMustBeNotNull" classname="io.github.importre.android.instrumenttestdemo.MainFragmentTest" time="0.284" />
  <testcase name="testShouldHaveListView" classname="io.github.importre.android.instrumenttestdemo.MainFragmentTest" time="1.41" />
  <testcase name="testClickPlusButton" classname="io.github.importre.android.instrumenttestdemo.activity.ExampleActivityTest" time="6.745" />
  <testcase name="testShouldNotBeNull" classname="io.github.importre.android.instrumenttestdemo.activity.ExampleActivityTest" time="0.377" />
  <testcase name="testShouldRestoreViewsWhenRecreating" classname="io.github.importre.android.instrumenttestdemo.activity.ExampleActivityTest" time="3.484" />
  <testcase name="testShouldShowCancelMessageIfResultIsCancel" classname="io.github.importre.android.instrumenttestdemo.activity.ExampleActivityTest" time="1.538" />
  <testcase name="testShouldShowOkMessageIfResultIsOk" classname="io.github.importre.android.instrumenttestdemo.activity.ExampleActivityTest" time="1.436" />
  <testcase name="testOddNumber" classname="io.github.importre.android.instrumenttestdemo.activity.SubExampleActivityTest" time="1.46" />
  <testcase name="testShouldFinishWhenClickingCancelButton" classname="io.github.importre.android.instrumenttestdemo.activity.SubExampleActivityTest" time="1.302" />
  <testcase name="testShouldFinishWhenClickingOkButton" classname="io.github.importre.android.instrumenttestdemo.activity.SubExampleActivityTest" time="1.514" />
  <testcase name="testShouldNotBeNull" classname="io.github.importre.android.instrumenttestdemo.activity.SubExampleActivityTest" time="0.333" />
  <testcase name="testAddItem" classname="io.github.importre.android.instrumenttestdemo.applist.AppListAdapterTest" time="0.412" />
  <testcase name="testGetCount" classname="io.github.importre.android.instrumenttestdemo.applist.AppListAdapterTest" time="0.356" />
  <testcase name="testGetItem" classname="io.github.importre.android.instrumenttestdemo.applist.AppListAdapterTest" time="0.46" />
  <testcase name="testGetView" classname="io.github.importre.android.instrumenttestdemo.applist.AppListAdapterTest" time="0.437" />
  <testcase name="testGetViewRecycle" classname="io.github.importre.android.instrumenttestdemo.applist.AppListAdapterTest" time="0.441" />
  <testcase name="testGetViewRecycleUsingViewHolderPattern" classname="io.github.importre.android.instrumenttestdemo.applist.AppListAdapterTest" time="0.306" />
  <testcase name="testGetViewMustBeNotNull" classname="io.github.importre.android.instrumenttestdemo.applist.AppListFragmentTest" time="1.642" />
  <testcase name="testShouldShowEmptyMessage" classname="io.github.importre.android.instrumenttestdemo.applist.AppListFragmentTest" time="2.607" />
  <testcase name="testTitleText" classname="io.github.importre.android.instrumenttestdemo.applist.AppListFragmentTest" time="0.41" />
  <testcase name="testGatherInstalledAppList" classname="io.github.importre.android.instrumenttestdemo.applist.AppListTaskerTest" time="0.128" />
</testsuite>