<?xml version='1.0' encoding='UTF-8' ?>
<testsuite name="io.github.importre.android.instrumenttestdemo.test" tests="15" failures="0" errors="0" time="49.965" timestamp="2014-02-27T08:29:15" hostname="localhost">
  <properties />
  <testcase name="testNavigationModeShouldBeStandard" classname="io.github.importre.android.instrumenttestdemo.MainActivityTest" time="0.46" />
  <testcase name="testShouldHaveContainers" classname="io.github.importre.android.instrumenttestdemo.MainActivityTest" time="0.23" />
  <testcase name="testShouldHaveTitleInActionBar" classname="io.github.importre.android.instrumenttestdemo.MainActivityTest" time="0.228" />
  <testcase name="testGetViewMustBeNotNull" classname="io.github.importre.android.instrumenttestdemo.MainFragmentTest" time="17.913" />
  <testcase name="testShouldHaveListView" classname="io.github.importre.android.instrumenttestdemo.MainFragmentTest" time="0.498" />
  <testcase name="testAddItem" classname="io.github.importre.android.instrumenttestdemo.applist.AppListAdapterTest" time="0.311" />
  <testcase name="testGetCount" classname="io.github.importre.android.instrumenttestdemo.applist.AppListAdapterTest" time="10.183" />
  <testcase name="testGetItem" classname="io.github.importre.android.instrumenttestdemo.applist.AppListAdapterTest" time="0.304" />
  <testcase name="testGetView" classname="io.github.importre.android.instrumenttestdemo.applist.AppListAdapterTest" time="0.254" />
  <testcase name="testGetViewRecycle" classname="io.github.importre.android.instrumenttestdemo.applist.AppListAdapterTest" time="17.971" />
  <testcase name="testGetViewRecycleUsingViewHolderPattern" classname="io.github.importre.android.instrumenttestdemo.applist.AppListAdapterTest" time="0.435" />
  <testcase name="testGetViewMustBeNotNull" classname="io.github.importre.android.instrumenttestdemo.applist.AppListFragmentTest" time="0.409" />
  <testcase name="testShouldShowEmptyMessage" classname="io.github.importre.android.instrumenttestdemo.applist.AppListFragmentTest" time="0.514" />
  <testcase name="testTitleText" classname="io.github.importre.android.instrumenttestdemo.applist.AppListFragmentTest" time="0.228" />
  <testcase name="testGatherInstalledAppList" classname="io.github.importre.android.instrumenttestdemo.applist.AppListTaskerTest" time="0.025" />
</testsuite>